# JRE version: OpenJDK Runtime Environment (20.0.2+9) (build 20.0.2+9-78)
# Java VM: OpenJDK 64-Bit Server VM (20.0.2+9-78, mixed mode, emulated-client, sharing, tiered, compressed oops, compressed class ptrs, g1 gc, linux-amd64)
GC Precious Log:
 CardTable entry size: 512
 Card Set container configuration: InlinePtr #cards 4 size 8 Array Of Cards #cards 16 size 48 Howl #buckets 8 coarsen threshold 3686 Howl Bitmap #cards 512 size 80 coarsen threshold 460 Card regions per heap region 1 cards per card region 4096
 CPUs: 4 total, 4 available
 Memory: 15799M
 Large Page Support: Disabled
 NUMA Support: Disabled
 Compressed Oops: Enabled (Zero based)
 Heap Region Size: 2M
 Heap Min Capacity: 8M
 Heap Initial Capacity: 248M
 Heap Max Capacity: 3950M
 Pre-touch: Disabled
 Parallel Workers: 4
 Concurrent Workers: 1
 Concurrent Refinement Workers: 4
 Periodic GC: Disabled
Heap:
 garbage-first heap   total 61440K, used 18011K [0x0000000709200000, 0x0000000800000000)
  region size 2048K, 8 young (16384K), 4 survivors (8192K)
 Metaspace       used 23122K, committed 23744K, reserved 1114112K
  class space    used 3040K, committed 3328K, reserved 1048576K
GC Heap History (8 events):
Event: 0,871 GC heap before
{Heap before GC invocations=0 (full 0):
 garbage-first heap   total 258048K, used 12272K [0x0000000709200000, 0x0000000800000000)
  region size 2048K, 6 young (12288K), 0 survivors (0K)
 Metaspace       used 5933K, committed 6144K, reserved 1114112K
  class space    used 692K, committed 768K, reserved 1048576K
}
Event: 0,881 GC heap after
{Heap after GC invocations=1 (full 0):
 garbage-first heap   total 258048K, used 4971K [0x0000000709200000, 0x0000000800000000)
  region size 2048K, 1 young (2048K), 1 survivors (2048K)
 Metaspace       used 5933K, committed 6144K, reserved 1114112K
  class space    used 692K, committed 768K, reserved 1048576K
}
Event: 1,288 GC heap before
{Heap before GC invocations=1 (full 0):
 garbage-first heap   total 258048K, used 15211K [0x0000000709200000, 0x0000000800000000)
  region size 2048K, 6 young (12288K), 1 survivors (2048K)
 Metaspace       used 8899K, committed 9152K, reserved 1114112K
  class space    used 1110K, committed 1216K, reserved 1048576K
}
Event: 1,301 GC heap after
{Heap after GC invocations=2 (full 0):
 garbage-first heap   total 258048K, used 6716K [0x0000000709200000, 0x0000000800000000)
  region size 2048K, 1 young (2048K), 1 survivors (2048K)
 Metaspace       used 8899K, committed 9152K, reserved 1114112K
  class space    used 1110K, committed 1216K, reserved 1048576K
}
Event: 1,867 GC heap before
{Heap before GC invocations=2 (full 0):
 garbage-first heap   total 258048K, used 29244K [0x0000000709200000, 0x0000000800000000)
  region size 2048K, 13 young (26624K), 1 survivors (2048K)
 Metaspace       used 14122K, committed 14464K, reserved 1114112K
  class space    used 1908K, committed 2048K, reserved 1048576K
}
Event: 1,874 GC heap after
{Heap after GC invocations=3 (full 0):
 garbage-first heap   total 258048K, used 9184K [0x0000000709200000, 0x0000000800000000)
  region size 2048K, 2 young (4096K), 2 survivors (4096K)
 Metaspace       used 14122K, committed 14464K, reserved 1114112K
  class space    used 1908K, committed 2048K, reserved 1048576K
}
Event: 8,666 GC heap before
{Heap before GC invocations=3 (full 0):
 garbage-first heap   total 258048K, used 44000K [0x0000000709200000, 0x0000000800000000)
  region size 2048K, 20 young (40960K), 2 survivors (4096K)
 Metaspace       used 21078K, committed 21504K, reserved 1114112K
  class space    used 2813K, committed 3008K, reserved 1048576K
}
Event: 8,675 GC heap after
{Heap after GC invocations=4 (full 0):
 garbage-first heap   total 258048K, used 11867K [0x0000000709200000, 0x0000000800000000)
  region size 2048K, 4 young (8192K), 4 survivors (8192K)
 Metaspace       used 21078K, committed 21504K, reserved 1114112K
  class space    used 2813K, committed 3008K, reserved 1048576K
}

